# JRE version: Java(TM) SE Runtime Environment (8.0_181-b13) (build 1.8.0_181-b13)
# Java VM: Java HotSpot(TM) 64-Bit Server VM (25.181-b13 mixed mode bsd-amd64 compressed oops)
Heap:
 PSYoungGen      total 124416K, used 75760K [0x00000007b5580000, 0x00000007bfe80000, 0x00000007c0000000)
  eden space 75776K, 99% used [0x00000007b5580000,0x00000007b9f7c218,0x00000007b9f80000)
  from space 48640K, 0% used [0x00000007bce00000,0x00000007bce00000,0x00000007bfd80000)
  to   space 47616K, 0% used [0x00000007b9f80000,0x00000007b9f80000,0x00000007bce00000)
 ParOldGen       total 349696K, used 349596K [0x00000007a0000000, 0x00000007b5580000, 0x00000007b5580000)
  object space 349696K, 99% used [0x00000007a0000000,0x00000007b55670b0,0x00000007b5580000)
 Metaspace       used 183050K, capacity 193574K, committed 197620K, reserved 1220608K
  class space    used 22997K, capacity 26678K, committed 27392K, reserved 1048576K
GC Heap History (10 events):
Event: 78535.991 GC heap before
{Heap before GC invocations=588 (full 136):
 PSYoungGen      total 124416K, used 75776K [0x00000007b5580000, 0x00000007bfe80000, 0x00000007c0000000)
  eden space 75776K, 100% used [0x00000007b5580000,0x00000007b9f80000,0x00000007b9f80000)
  from space 48640K, 0% used [0x00000007bce00000,0x00000007bce00000,0x00000007bfd80000)
  to   space 47616K, 0% used [0x00000007b9f80000,0x00000007b9f80000,0x00000007bce00000)
 ParOldGen       total 349696K, used 349594K [0x00000007a0000000, 0x00000007b5580000, 0x00000007b5580000)
  object space 349696K, 99% used [0x00000007a0000000,0x00000007b5566988,0x00000007b5580000)
 Metaspace       used 183059K, capacity 193572K, committed 197620K, reserved 1220608K
  class space    used 23009K, capacity 26709K, committed 27392K, reserved 1048576K
Event: 78536.574 GC heap after
Heap after GC invocations=588 (full 136):
 PSYoungGen      total 124416K, used 61646K [0x00000007b5580000, 0x00000007bfe80000, 0x00000007c0000000)
  eden space 75776K, 81% used [0x00000007b5580000,0x00000007b91b3a38,0x00000007b9f80000)
  from space 48640K, 0% used [0x00000007bce00000,0x00000007bce00000,0x00000007bfd80000)
  to   space 47616K, 0% used [0x00000007b9f80000,0x00000007b9f80000,0x00000007bce00000)
 ParOldGen       total 349696K, used 349553K [0x00000007a0000000, 0x00000007b5580000, 0x00000007b5580000)
  object space 349696K, 99% used [0x00000007a0000000,0x00000007b555c700,0x00000007b5580000)
 Metaspace       used 183059K, capacity 193572K, committed 197620K, reserved 1220608K
  class space    used 23009K, capacity 26709K, committed 27392K, reserved 1048576K
}
Event: 78536.600 GC heap before
{Heap before GC invocations=589 (full 137):
 PSYoungGen      total 124416K, used 75776K [0x00000007b5580000, 0x00000007bfe80000, 0x00000007c0000000)
  eden space 75776K, 100% used [0x00000007b5580000,0x00000007b9f80000,0x00000007b9f80000)
  from space 48640K, 0% used [0x00000007bce00000,0x00000007bce00000,0x00000007bfd80000)
  to   space 47616K, 0% used [0x00000007b9f80000,0x00000007b9f80000,0x00000007bce00000)
 ParOldGen       total 349696K, used 349553K [0x00000007a0000000, 0x00000007b5580000, 0x00000007b5580000)
  object space 349696K, 99% used [0x00000007a0000000,0x00000007b555c700,0x00000007b5580000)
 Metaspace       used 183068K, capacity 193602K, committed 197620K, reserved 1220608K
  class space    used 23012K, capacity 26714K, committed 27392K, reserved 1048576K
Event: 78537.395 GC heap after
Heap after GC invocations=589 (full 137):
 PSYoungGen      total 124416K, used 61692K [0x00000007b5580000, 0x00000007bfe80000, 0x00000007c0000000)
  eden space 75776K, 81% used [0x00000007b5580000,0x00000007b91bf218,0x00000007b9f80000)
  from space 48640K, 0% used [0x00000007bce00000,0x00000007bce00000,0x00000007bfd80000)
  to   space 47616K, 0% used [0x00000007b9f80000,0x00000007b9f80000,0x00000007bce00000)
 ParOldGen       total 349696K, used 349596K [0x00000007a0000000, 0x00000007b5580000, 0x00000007b5580000)
  object space 349696K, 99% used [0x00000007a0000000,0x00000007b55670d0,0x00000007b5580000)
 Metaspace       used 183040K, capacity 193550K, committed 197620K, reserved 1220608K
  class space    used 22994K, capacity 26674K, committed 27392K, reserved 1048576K
}
Event: 78537.415 GC heap before
{Heap before GC invocations=590 (full 138):
 PSYoungGen      total 124416K, used 75776K [0x00000007b5580000, 0x00000007bfe80000, 0x00000007c0000000)
  eden space 75776K, 100% used [0x00000007b5580000,0x00000007b9f80000,0x00000007b9f80000)
  from space 48640K, 0% used [0x00000007bce00000,0x00000007bce00000,0x00000007bfd80000)
  to   space 47616K, 0% used [0x00000007b9f80000,0x00000007b9f80000,0x00000007bce00000)
 ParOldGen       total 349696K, used 349596K [0x00000007a0000000, 0x00000007b5580000, 0x00000007b5580000)
  object space 349696K, 99% used [0x00000007a0000000,0x00000007b55670d0,0x00000007b5580000)
 Metaspace       used 183040K, capacity 193550K, committed 197620K, reserved 1220608K
  class space    used 22994K, capacity 26674K, committed 27392K, reserved 1048576K
Event: 78537.835 GC heap after
Heap after GC invocations=590 (full 138):
 PSYoungGen      total 124416K, used 62221K [0x00000007b5580000, 0x00000007bfe80000, 0x00000007c0000000)
  eden space 75776K, 82% used [0x00000007b5580000,0x00000007b92436a8,0x00000007b9f80000)
  from space 48640K, 0% used [0x00000007bce00000,0x00000007bce00000,0x00000007bfd80000)
  to   space 47616K, 0% used [0x00000007b9f80000,0x00000007b9f80000,0x00000007bce00000)
 ParOldGen       total 349696K, used 349596K [0x00000007a0000000, 0x00000007b5580000, 0x00000007b5580000)
  object space 349696K, 99% used [0x00000007a0000000,0x00000007b55670b0,0x00000007b5580000)
 Metaspace       used 183040K, capacity 193550K, committed 197620K, reserved 1220608K
  class space    used 22994K, capacity 26674K, committed 27392K, reserved 1048576K
}
Event: 78537.852 GC heap before
{Heap before GC invocations=591 (full 139):
 PSYoungGen      total 124416K, used 75776K [0x00000007b5580000, 0x00000007bfe80000, 0x00000007c0000000)
  eden space 75776K, 100% used [0x00000007b5580000,0x00000007b9f80000,0x00000007b9f80000)
  from space 48640K, 0% used [0x00000007bce00000,0x00000007bce00000,0x00000007bfd80000)
  to   space 47616K, 0% used [0x00000007b9f80000,0x00000007b9f80000,0x00000007bce00000)
 ParOldGen       total 349696K, used 349596K [0x00000007a0000000, 0x00000007b5580000, 0x00000007b5580000)
  object space 349696K, 99% used [0x00000007a0000000,0x00000007b55670b0,0x00000007b5580000)
 Metaspace       used 183041K, capacity 193550K, committed 197620K, reserved 1220608K
  class space    used 22994K, capacity 26674K, committed 27392K, reserved 1048576K
Event: 78538.240 GC heap after
Heap after GC invocations=591 (full 139):
 PSYoungGen      total 124416K, used 62731K [0x00000007b5580000, 0x00000007bfe80000, 0x00000007c0000000)
  eden space 75776K, 82% used [0x00000007b5580000,0x00000007b92c2d10,0x00000007b9f80000)
  from space 48640K, 0% used [0x00000007bce00000,0x00000007bce00000,0x00000007bfd80000)
  to   space 47616K, 0% used [0x00000007b9f80000,0x00000007b9f80000,0x00000007bce00000)
 ParOldGen       total 349696K, used 349596K [0x00000007a0000000, 0x00000007b5580000, 0x00000007b5580000)
  object space 349696K, 99% used [0x00000007a0000000,0x00000007b55670b0,0x00000007b5580000)
 Metaspace       used 183041K, capacity 193550K, committed 197620K, reserved 1220608K
  class space    used 22994K, capacity 26674K, committed 27392K, reserved 1048576K
}
Event: 78538.260 GC heap before
{Heap before GC invocations=592 (full 140):
 PSYoungGen      total 124416K, used 75776K [0x00000007b5580000, 0x00000007bfe80000, 0x00000007c0000000)
  eden space 75776K, 100% used [0x00000007b5580000,0x00000007b9f80000,0x00000007b9f80000)
  from space 48640K, 0% used [0x00000007bce00000,0x00000007bce00000,0x00000007bfd80000)
  to   space 47616K, 0% used [0x00000007b9f80000,0x00000007b9f80000,0x00000007bce00000)
 ParOldGen       total 349696K, used 349596K [0x00000007a0000000, 0x00000007b5580000, 0x00000007b5580000)
  object space 349696K, 99% used [0x00000007a0000000,0x00000007b55670b0,0x00000007b5580000)
 Metaspace       used 183043K, capacity 193556K, committed 197620K, reserved 1220608K
  class space    used 22995K, capacity 26675K, committed 27392K, reserved 1048576K
Event: 78538.679 GC heap after
Heap after GC invocations=592 (full 140):
 PSYoungGen      total 124416K, used 63521K [0x00000007b5580000, 0x00000007bfe80000, 0x00000007c0000000)
  eden space 75776K, 83% used [0x00000007b5580000,0x00000007b9388448,0x00000007b9f80000)
  from space 48640K, 0% used [0x00000007bce00000,0x00000007bce00000,0x00000007bfd80000)
  to   space 47616K, 0% used [0x00000007b9f80000,0x00000007b9f80000,0x00000007bce00000)
 ParOldGen       total 349696K, used 349596K [0x00000007a0000000, 0x00000007b5580000, 0x00000007b5580000)
  object space 349696K, 99% used [0x00000007a0000000,0x00000007b55670b0,0x00000007b5580000)
 Metaspace       used 183043K, capacity 193556K, committed 197620K, reserved 1220608K
  class space    used 22995K, capacity 26675K, committed 27392K, reserved 1048576K
}

